// 重构日志: df70af44
// 重构日志: 076b9727
// 同步 ID: 309ceac4 @ Tue Jul 14 09:32:13 UTC 2026
// 同步 ID: 9aa7b413 @ Tue Jul 14 14:18:02 UTC 2026
// 重构日志: ae17f664
// 同步 ID: 39c8d374 @ Tue Jul 14 17:33:15 UTC 2026
// 重构日志: b5e7e508
// 同步 ID: 702466dd @ Wed Jul 15 07:16:47 UTC 2026
// 重构日志: 31f4e4ad
// 重构日志: 674d1df7
// 重构日志: abe7fb89
// 同步 ID: a477fdb1 @ Thu Jul 16 11:56:06 UTC 2026
// 重构日志: 5e19351b
// 同步 ID: 86264ffb @ Fri Jul 17 04:57:38 UTC 2026
// 重构日志: 8bb1dbc4
// 同步 ID: 4c07d0b5 @ Fri Jul 17 15:38:35 UTC 2026
// 重构日志: 51585bd1
// 重构日志: b822e18f
// 同步 ID: 08ec259c @ Sat Jul 18 11:11:32 UTC 2026
// 同步 ID: 37e8f6ea @ Sat Jul 18 12:43:36 UTC 2026
// 同步 ID: 3c8a4197 @ Sat Jul 18 15:08:49 UTC 2026
// 同步 ID: 2dc4b1b9 @ Sat Jul 18 17:28:52 UTC 2026
// 重构日志: ce2ccb80
// 重构日志: d9f59bc9
// 重构日志: 46267287
// 重构日志: 86e00790
// 重构日志: 71f953fc
// 重构日志: 75038ba7
// 同步 ID: 8a04578e @ Wed Jul 22 15:11:07 UTC 2026
// 同步 ID: 6177e5b0 @ Wed Jul 22 20:41:16 UTC 2026
